<?xml version="1.0" encoding="UTF-8"?>
<!-- Generated by org.testng.reporters.JUnitReportReporter -->
<testsuite hostname="DESKTOP-LPGNF41" failures="0" tests="2" name="testngpract.AllurReport" time="5.997" errors="0" timestamp="2025-06-15T20:24:46 IST" skipped="0">
  <testcase classname="testngpract.AllurReport" name="test2" time="0.008"/>
  <testcase classname="testngpract.AllurReport" name="test" time="5.989"/>
</testsuite> <!-- testngpract.AllurReport -->
