<?xml version="1.0" encoding="UTF-8"?>
<!-- Generated by org.testng.reporters.JUnitReportReporter -->
<testsuite hostname="DESKTOP-LPGNF41" failures="0" tests="1" name="testngpract.Demo" time="0.005" errors="0" timestamp="2025-06-15T20:24:46 IST" skipped="0">
  <testcase classname="testngpract.Demo" name="testMethod" time="0.005"/>
</testsuite> <!-- testngpract.Demo -->
